  database.cpp
C:\Users\dwarf\source\repos\IT_Server_Lab1\IT_Server_Lab1\database.cpp(4,12): error C2374: 'CURRENT_ID': redefinition; multiple initialization
C:\Users\dwarf\source\repos\IT_Server_Lab1\IT_Server_Lab1\database.cpp(8,7): error C2011: 'Table': 'class' type redefinition
C:\Program Files\Microsoft Visual Studio\2022\Community\VC\Tools\MSVC\14.40.33807\include\utility(461,10): error C2079: 'std::pair<Table,bool>::first' uses undefined class 'Table'
C:\Users\dwarf\source\repos\IT_Server_Lab1\IT_Server_Lab1\database.cpp(303,28): error C2440: 'initializing': cannot convert from 'const int' to 'const Table &'
C:\Users\dwarf\source\repos\IT_Server_Lab1\IT_Server_Lab1\database.cpp(306,17): error C2027: use of undefined type 'Table'
C:\Users\dwarf\source\repos\IT_Server_Lab1\IT_Server_Lab1\database.cpp(308,29): error C2027: use of undefined type 'Table'
C:\Users\dwarf\source\repos\IT_Server_Lab1\IT_Server_Lab1\database.cpp(309,21): error C2027: use of undefined type 'Table'
C:\Users\dwarf\source\repos\IT_Server_Lab1\IT_Server_Lab1\database.cpp(309,54): error C2027: use of undefined type 'Table'
C:\Users\dwarf\source\repos\IT_Server_Lab1\IT_Server_Lab1\database.cpp(312,26): error C2027: use of undefined type 'Table'
C:\Users\dwarf\source\repos\IT_Server_Lab1\IT_Server_Lab1\database.cpp(314,39): error C2027: use of undefined type 'Table'
C:\Users\dwarf\source\repos\IT_Server_Lab1\IT_Server_Lab1\database.cpp(314,30): error C2530: 'column': references must be initialized
C:\Users\dwarf\source\repos\IT_Server_Lab1\IT_Server_Lab1\database.cpp(314,30): error C3531: 'column': a symbol whose type contains 'auto' must have an initializer
C:\Users\dwarf\source\repos\IT_Server_Lab1\IT_Server_Lab1\database.cpp(314,37): error C2143: syntax error: missing ';' before ':'
C:\Users\dwarf\source\repos\IT_Server_Lab1\IT_Server_Lab1\database.cpp(314,57): error C2143: syntax error: missing ';' before ')'
C:\Users\dwarf\source\repos\IT_Server_Lab1\IT_Server_Lab1\database.cpp(315,22): error C2672: 'std::visit': no matching overloaded function found
C:\Users\dwarf\source\repos\IT_Server_Lab1\IT_Server_Lab1\database.cpp(343,15): error C2079: 'table' uses undefined class 'Table'
C:\Users\dwarf\source\repos\IT_Server_Lab1\IT_Server_Lab1\database.cpp(343,20): error C2440: 'initializing': cannot convert from 'initializer list' to 'int'
C:\Users\dwarf\source\repos\IT_Server_Lab1\IT_Server_Lab1\database.cpp(352,33): error C2062: type 'int' unexpected
C:\Users\dwarf\source\repos\IT_Server_Lab1\IT_Server_Lab1\database.cpp(355,33): error C2062: type 'float' unexpected
C:\Users\dwarf\source\repos\IT_Server_Lab1\IT_Server_Lab1\database.cpp(358,55): error C2059: syntax error: ')'
C:\Users\dwarf\source\repos\IT_Server_Lab1\IT_Server_Lab1\database.cpp(361,46): error C2059: syntax error: ')'
C:\Users\dwarf\source\repos\IT_Server_Lab1\IT_Server_Lab1\database.cpp(374,46): error C2062: type 'int' unexpected
C:\Users\dwarf\source\repos\IT_Server_Lab1\IT_Server_Lab1\database.cpp(379,46): error C2062: type 'float' unexpected
C:\Program Files\Microsoft Visual Studio\2022\Community\VC\Tools\MSVC\14.40.33807\include\type_traits(749,41): error C2139: 'Table': an undefined class is not allowed as an argument to compiler intrinsic type trait '__is_constructible'
C:\Program Files\Microsoft Visual Studio\2022\Community\VC\Tools\MSVC\14.40.33807\include\utility(232,103): error C2139: 'Table': an undefined class is not allowed as an argument to compiler intrinsic type trait '__is_constructible'
C:\Users\dwarf\source\repos\IT_Server_Lab1\IT_Server_Lab1\database.cpp(394,21): error C2679: binary '=': no operator found which takes a right-hand operand of type 'initializer list' (or there is no acceptable conversion)
