  IT_Server_Lab1.cpp
C:\Users\dwarf\source\repos\IT_Server_Lab1\IT_Server_Lab1\Table.h(154,27): warning C4018: '<': signed/unsigned mismatch
C:\Users\dwarf\source\repos\IT_Server_Lab1\IT_Server_Lab1\Table.h(158,75): warning C4267: 'argument': conversion from 'size_t' to 'int', possible loss of data
C:\Users\dwarf\source\repos\IT_Server_Lab1\IT_Server_Lab1\Table.h(165,75): warning C4267: 'argument': conversion from 'size_t' to 'int', possible loss of data
C:\Users\dwarf\source\repos\IT_Server_Lab1\IT_Server_Lab1\Table.h(233,27): warning C4018: '<': signed/unsigned mismatch
C:\Users\dwarf\source\repos\IT_Server_Lab1\IT_Server_Lab1\Table.h(236,75): warning C4267: 'argument': conversion from 'size_t' to 'int', possible loss of data
C:\Users\dwarf\source\repos\IT_Server_Lab1\IT_Server_Lab1\Table.h(251,79): warning C4267: 'argument': conversion from 'size_t' to 'int', possible loss of data
C:\Users\dwarf\source\repos\IT_Server_Lab1\IT_Server_Lab1\Table.h(256,27): warning C4018: '<': signed/unsigned mismatch
C:\Users\dwarf\source\repos\IT_Server_Lab1\IT_Server_Lab1\Table.h(274,27): warning C4018: '<': signed/unsigned mismatch
C:\Users\dwarf\source\repos\IT_Server_Lab1\IT_Server_Lab1\Table.h(278,75): warning C4267: 'argument': conversion from 'size_t' to 'int', possible loss of data
C:\Users\dwarf\source\repos\IT_Server_Lab1\IT_Server_Lab1\Table.h(294,79): warning C4267: 'argument': conversion from 'size_t' to 'int', possible loss of data
C:\Users\dwarf\source\repos\IT_Server_Lab1\IT_Server_Lab1\Table.h(299,27): warning C4018: '<': signed/unsigned mismatch
C:\Users\dwarf\source\repos\IT_Server_Lab1\IT_Server_Lab1\Table.h(348,35): warning C4267: '=': conversion from 'size_t' to 'int', possible loss of data
C:\Users\dwarf\source\repos\IT_Server_Lab1\IT_Server_Lab1\Table.h(374,69): warning C4267: 'argument': conversion from 'size_t' to 'int', possible loss of data
C:\Users\dwarf\source\repos\IT_Server_Lab1\IT_Server_Lab1\IT_Server_Lab1.cpp(114,79): warning C4267: 'argument': conversion from 'size_t' to 'int', possible loss of data
C:\Users\dwarf\source\repos\IT_Server_Lab1\IT_Server_Lab1\IT_Server_Lab1.cpp(125,79): warning C4267: 'argument': conversion from 'size_t' to 'int', possible loss of data
C:\Users\dwarf\source\repos\IT_Server_Lab1\IT_Server_Lab1\IT_Server_Lab1.cpp(137,79): warning C4267: 'argument': conversion from 'size_t' to 'int', possible loss of data
C:\Users\dwarf\source\repos\IT_Server_Lab1\IT_Server_Lab1\IT_Server_Lab1.cpp(157,87): warning C4267: 'argument': conversion from 'size_t' to 'int', possible loss of data
C:\Users\dwarf\source\repos\IT_Server_Lab1\IT_Server_Lab1\IT_Server_Lab1.cpp(164,79): warning C4267: 'argument': conversion from 'size_t' to 'int', possible loss of data
C:\Users\dwarf\source\repos\IT_Server_Lab1\IT_Server_Lab1\IT_Server_Lab1.cpp(178,79): warning C4267: 'argument': conversion from 'size_t' to 'int', possible loss of data
C:\Users\dwarf\source\repos\IT_Server_Lab1\IT_Server_Lab1\IT_Server_Lab1.cpp(188,83): warning C4267: 'argument': conversion from 'size_t' to 'int', possible loss of data
C:\Users\dwarf\source\repos\IT_Server_Lab1\IT_Server_Lab1\IT_Server_Lab1.cpp(202,79): warning C4267: 'argument': conversion from 'size_t' to 'int', possible loss of data
  Generating code
  0 of 2232 functions ( 0.0%) were compiled, the rest were copied from previous compilation.
    0 functions were new in current compilation
    0 functions had inline decision re-evaluated but remain unchanged
  Finished generating code
  IT_Server_Lab1.vcxproj -> C:\Users\dwarf\source\repos\IT_Server_Lab1\x64\Release\IT_Server_Lab1.exe
